[1.096s] Invoking command in '/home/deepracer/midterm_ws/src/midterm_drive': PYTHONPATH=/home/deepracer/midterm_ws/install/midterm_drive/lib/python3.8/site-packages:${PYTHONPATH} /usr/bin/python3 setup.py egg_info --egg-base ../../build/midterm_drive build --build-base /home/deepracer/midterm_ws/build/midterm_drive/build install --prefix /home/deepracer/midterm_ws/install/midterm_drive --record /home/deepracer/midterm_ws/build/midterm_drive/install.log --single-version-externally-managed
[2.468s] running egg_info
[2.470s] writing ../../build/midterm_drive/midterm_drive.egg-info/PKG-INFO
[2.472s] writing dependency_links to ../../build/midterm_drive/midterm_drive.egg-info/dependency_links.txt
[2.474s] writing entry points to ../../build/midterm_drive/midterm_drive.egg-info/entry_points.txt
[2.475s] writing requirements to ../../build/midterm_drive/midterm_drive.egg-info/requires.txt
[2.475s] writing top-level names to ../../build/midterm_drive/midterm_drive.egg-info/top_level.txt
[2.806s] reading manifest file '../../build/midterm_drive/midterm_drive.egg-info/SOURCES.txt'
[2.809s] writing manifest file '../../build/midterm_drive/midterm_drive.egg-info/SOURCES.txt'
[2.810s] running build
[2.811s] running build_py
[2.811s] copying midterm_drive/midterm_drive.py -> /home/deepracer/midterm_ws/build/midterm_drive/build/lib/midterm_drive
[2.812s] running install
[2.815s] running install_lib
[2.822s] copying /home/deepracer/midterm_ws/build/midterm_drive/build/lib/midterm_drive/midterm_drive.py -> /home/deepracer/midterm_ws/install/midterm_drive/lib/python3.8/site-packages/midterm_drive
[2.825s] byte-compiling /home/deepracer/midterm_ws/install/midterm_drive/lib/python3.8/site-packages/midterm_drive/midterm_drive.py to midterm_drive.cpython-38.pyc
[2.830s] running install_data
[2.833s] running install_egg_info
[2.842s] removing '/home/deepracer/midterm_ws/install/midterm_drive/lib/python3.8/site-packages/midterm_drive-0.0.0-py3.8.egg-info' (and everything under it)
[2.844s] Copying ../../build/midterm_drive/midterm_drive.egg-info to /home/deepracer/midterm_ws/install/midterm_drive/lib/python3.8/site-packages/midterm_drive-0.0.0-py3.8.egg-info
[2.848s] running install_scripts
[2.921s] Installing talker script to /home/deepracer/midterm_ws/install/midterm_drive/lib/midterm_drive
[2.923s] writing list of installed files to '/home/deepracer/midterm_ws/build/midterm_drive/install.log'
[3.002s] Invoked command in '/home/deepracer/midterm_ws/src/midterm_drive' returned '0': PYTHONPATH=/home/deepracer/midterm_ws/install/midterm_drive/lib/python3.8/site-packages:${PYTHONPATH} /usr/bin/python3 setup.py egg_info --egg-base ../../build/midterm_drive build --build-base /home/deepracer/midterm_ws/build/midterm_drive/build install --prefix /home/deepracer/midterm_ws/install/midterm_drive --record /home/deepracer/midterm_ws/build/midterm_drive/install.log --single-version-externally-managed
