[1.200s] Invoking command in '/home/deepracer/midterm_ws/src/midterm_drive': PYTHONPATH=/home/deepracer/midterm_ws/install/midterm_drive/lib/python3.8/site-packages:${PYTHONPATH} /usr/bin/python3 setup.py egg_info --egg-base ../../build/midterm_drive build --build-base /home/deepracer/midterm_ws/build/midterm_drive/build install --prefix /home/deepracer/midterm_ws/install/midterm_drive --record /home/deepracer/midterm_ws/build/midterm_drive/install.log --single-version-externally-managed
[2.604s] running egg_info
[2.606s] writing ../../build/midterm_drive/midterm_drive.egg-info/PKG-INFO
[2.612s] writing dependency_links to ../../build/midterm_drive/midterm_drive.egg-info/dependency_links.txt
[2.612s] writing entry points to ../../build/midterm_drive/midterm_drive.egg-info/entry_points.txt
[2.613s] writing requirements to ../../build/midterm_drive/midterm_drive.egg-info/requires.txt
[2.613s] writing top-level names to ../../build/midterm_drive/midterm_drive.egg-info/top_level.txt
[2.981s] reading manifest file '../../build/midterm_drive/midterm_drive.egg-info/SOURCES.txt'
[2.989s] writing manifest file '../../build/midterm_drive/midterm_drive.egg-info/SOURCES.txt'
[2.990s] running build
[2.992s] running build_py
[2.996s] running install
[3.004s] running install_lib
[3.018s] running install_data
[3.026s] running install_egg_info
[3.039s] removing '/home/deepracer/midterm_ws/install/midterm_drive/lib/python3.8/site-packages/midterm_drive-0.0.0-py3.8.egg-info' (and everything under it)
[3.042s] Copying ../../build/midterm_drive/midterm_drive.egg-info to /home/deepracer/midterm_ws/install/midterm_drive/lib/python3.8/site-packages/midterm_drive-0.0.0-py3.8.egg-info
[3.052s] running install_scripts
[3.154s] Installing talker script to /home/deepracer/midterm_ws/install/midterm_drive/lib/midterm_drive
[3.155s] writing list of installed files to '/home/deepracer/midterm_ws/build/midterm_drive/install.log'
[3.253s] Invoked command in '/home/deepracer/midterm_ws/src/midterm_drive' returned '0': PYTHONPATH=/home/deepracer/midterm_ws/install/midterm_drive/lib/python3.8/site-packages:${PYTHONPATH} /usr/bin/python3 setup.py egg_info --egg-base ../../build/midterm_drive build --build-base /home/deepracer/midterm_ws/build/midterm_drive/build install --prefix /home/deepracer/midterm_ws/install/midterm_drive --record /home/deepracer/midterm_ws/build/midterm_drive/install.log --single-version-externally-managed
