[1.934s] Invoking command in '/home/deepracer/midterm_ws/src/midterm_drive': PYTHONPATH=/home/deepracer/midterm_ws/install/midterm_drive/lib/python3.8/site-packages:${PYTHONPATH} /usr/bin/python3 setup.py egg_info --egg-base ../../build/midterm_drive build --build-base /home/deepracer/midterm_ws/build/midterm_drive/build install --prefix /home/deepracer/midterm_ws/install/midterm_drive --record /home/deepracer/midterm_ws/build/midterm_drive/install.log --single-version-externally-managed
[3.524s] running egg_info
[3.527s] writing ../../build/midterm_drive/midterm_drive.egg-info/PKG-INFO
[3.529s] writing dependency_links to ../../build/midterm_drive/midterm_drive.egg-info/dependency_links.txt
[3.530s] writing entry points to ../../build/midterm_drive/midterm_drive.egg-info/entry_points.txt
[3.531s] writing requirements to ../../build/midterm_drive/midterm_drive.egg-info/requires.txt
[3.534s] writing top-level names to ../../build/midterm_drive/midterm_drive.egg-info/top_level.txt
[3.867s] reading manifest file '../../build/midterm_drive/midterm_drive.egg-info/SOURCES.txt'
[3.873s] writing manifest file '../../build/midterm_drive/midterm_drive.egg-info/SOURCES.txt'
[3.874s] running build
[3.874s] running build_py
[3.875s] copying midterm_drive/midterm_drive.py -> /home/deepracer/midterm_ws/build/midterm_drive/build/lib/midterm_drive
[3.878s] running install
[3.885s] running install_lib
[3.894s] copying /home/deepracer/midterm_ws/build/midterm_drive/build/lib/midterm_drive/midterm_drive.py -> /home/deepracer/midterm_ws/install/midterm_drive/lib/python3.8/site-packages/midterm_drive
[3.901s] byte-compiling /home/deepracer/midterm_ws/install/midterm_drive/lib/python3.8/site-packages/midterm_drive/midterm_drive.py to midterm_drive.cpython-38.pyc
[3.911s] running install_data
[3.917s] running install_egg_info
[3.932s] removing '/home/deepracer/midterm_ws/install/midterm_drive/lib/python3.8/site-packages/midterm_drive-0.0.0-py3.8.egg-info' (and everything under it)
[3.935s] Copying ../../build/midterm_drive/midterm_drive.egg-info to /home/deepracer/midterm_ws/install/midterm_drive/lib/python3.8/site-packages/midterm_drive-0.0.0-py3.8.egg-info
[3.945s] running install_scripts
[4.234s] Installing talker script to /home/deepracer/midterm_ws/install/midterm_drive/lib/midterm_drive
[4.236s] writing list of installed files to '/home/deepracer/midterm_ws/build/midterm_drive/install.log'
[4.363s] Invoked command in '/home/deepracer/midterm_ws/src/midterm_drive' returned '0': PYTHONPATH=/home/deepracer/midterm_ws/install/midterm_drive/lib/python3.8/site-packages:${PYTHONPATH} /usr/bin/python3 setup.py egg_info --egg-base ../../build/midterm_drive build --build-base /home/deepracer/midterm_ws/build/midterm_drive/build install --prefix /home/deepracer/midterm_ws/install/midterm_drive --record /home/deepracer/midterm_ws/build/midterm_drive/install.log --single-version-externally-managed
