[1.052s] Invoking command in '/home/deepracer/midterm_ws/src/midterm_drive': PYTHONPATH=/home/deepracer/midterm_ws/install/midterm_drive/lib/python3.8/site-packages:${PYTHONPATH} /usr/bin/python3 setup.py egg_info --egg-base ../../build/midterm_drive build --build-base /home/deepracer/midterm_ws/build/midterm_drive/build install --prefix /home/deepracer/midterm_ws/install/midterm_drive --record /home/deepracer/midterm_ws/build/midterm_drive/install.log --single-version-externally-managed
[2.157s] running egg_info
[2.161s] writing ../../build/midterm_drive/midterm_drive.egg-info/PKG-INFO
[2.163s] writing dependency_links to ../../build/midterm_drive/midterm_drive.egg-info/dependency_links.txt
[2.165s] writing entry points to ../../build/midterm_drive/midterm_drive.egg-info/entry_points.txt
[2.166s] writing requirements to ../../build/midterm_drive/midterm_drive.egg-info/requires.txt
[2.167s] writing top-level names to ../../build/midterm_drive/midterm_drive.egg-info/top_level.txt
[2.486s] reading manifest file '../../build/midterm_drive/midterm_drive.egg-info/SOURCES.txt'
[2.490s] writing manifest file '../../build/midterm_drive/midterm_drive.egg-info/SOURCES.txt'
[2.491s] running build
[2.491s] running build_py
[2.491s] copying midterm_drive/midterm_drive.py -> /home/deepracer/midterm_ws/build/midterm_drive/build/lib/midterm_drive
[2.492s] running install
[2.496s] running install_lib
[2.502s] copying /home/deepracer/midterm_ws/build/midterm_drive/build/lib/midterm_drive/midterm_drive.py -> /home/deepracer/midterm_ws/install/midterm_drive/lib/python3.8/site-packages/midterm_drive
[2.504s] byte-compiling /home/deepracer/midterm_ws/install/midterm_drive/lib/python3.8/site-packages/midterm_drive/midterm_drive.py to midterm_drive.cpython-38.pyc
[2.510s] running install_data
[2.513s] running install_egg_info
[2.522s] removing '/home/deepracer/midterm_ws/install/midterm_drive/lib/python3.8/site-packages/midterm_drive-0.0.0-py3.8.egg-info' (and everything under it)
[2.523s] Copying ../../build/midterm_drive/midterm_drive.egg-info to /home/deepracer/midterm_ws/install/midterm_drive/lib/python3.8/site-packages/midterm_drive-0.0.0-py3.8.egg-info
[2.526s] running install_scripts
[2.600s] Installing talker script to /home/deepracer/midterm_ws/install/midterm_drive/lib/midterm_drive
[2.601s] writing list of installed files to '/home/deepracer/midterm_ws/build/midterm_drive/install.log'
[2.678s] Invoked command in '/home/deepracer/midterm_ws/src/midterm_drive' returned '0': PYTHONPATH=/home/deepracer/midterm_ws/install/midterm_drive/lib/python3.8/site-packages:${PYTHONPATH} /usr/bin/python3 setup.py egg_info --egg-base ../../build/midterm_drive build --build-base /home/deepracer/midterm_ws/build/midterm_drive/build install --prefix /home/deepracer/midterm_ws/install/midterm_drive --record /home/deepracer/midterm_ws/build/midterm_drive/install.log --single-version-externally-managed
