running egg_info
creating ../../build/midterm_drive/midterm_drive.egg-info
writing ../../build/midterm_drive/midterm_drive.egg-info/PKG-INFO
writing dependency_links to ../../build/midterm_drive/midterm_drive.egg-info/dependency_links.txt
writing entry points to ../../build/midterm_drive/midterm_drive.egg-info/entry_points.txt
writing requirements to ../../build/midterm_drive/midterm_drive.egg-info/requires.txt
writing top-level names to ../../build/midterm_drive/midterm_drive.egg-info/top_level.txt
writing manifest file '../../build/midterm_drive/midterm_drive.egg-info/SOURCES.txt'
reading manifest file '../../build/midterm_drive/midterm_drive.egg-info/SOURCES.txt'
writing manifest file '../../build/midterm_drive/midterm_drive.egg-info/SOURCES.txt'
running build
running build_py
creating /home/deepracer/midterm_ws/build/midterm_drive/build
creating /home/deepracer/midterm_ws/build/midterm_drive/build/lib
creating /home/deepracer/midterm_ws/build/midterm_drive/build/lib/midterm_drive
copying midterm_drive/__init__.py -> /home/deepracer/midterm_ws/build/midterm_drive/build/lib/midterm_drive
copying midterm_drive/midterm_drive.py -> /home/deepracer/midterm_ws/build/midterm_drive/build/lib/midterm_drive
running install
running install_lib
creating /home/deepracer/midterm_ws/install/midterm_drive/lib/python3.8/site-packages/midterm_drive
copying /home/deepracer/midterm_ws/build/midterm_drive/build/lib/midterm_drive/__init__.py -> /home/deepracer/midterm_ws/install/midterm_drive/lib/python3.8/site-packages/midterm_drive
copying /home/deepracer/midterm_ws/build/midterm_drive/build/lib/midterm_drive/midterm_drive.py -> /home/deepracer/midterm_ws/install/midterm_drive/lib/python3.8/site-packages/midterm_drive
byte-compiling /home/deepracer/midterm_ws/install/midterm_drive/lib/python3.8/site-packages/midterm_drive/__init__.py to __init__.cpython-38.pyc
byte-compiling /home/deepracer/midterm_ws/install/midterm_drive/lib/python3.8/site-packages/midterm_drive/midterm_drive.py to midterm_drive.cpython-38.pyc
running install_data
creating /home/deepracer/midterm_ws/install/midterm_drive/share/ament_index
creating /home/deepracer/midterm_ws/install/midterm_drive/share/ament_index/resource_index
creating /home/deepracer/midterm_ws/install/midterm_drive/share/ament_index/resource_index/packages
copying resource/midterm_drive -> /home/deepracer/midterm_ws/install/midterm_drive/share/ament_index/resource_index/packages
copying package.xml -> /home/deepracer/midterm_ws/install/midterm_drive/share/midterm_drive
running install_egg_info
Copying ../../build/midterm_drive/midterm_drive.egg-info to /home/deepracer/midterm_ws/install/midterm_drive/lib/python3.8/site-packages/midterm_drive-0.0.0-py3.8.egg-info
running install_scripts
Installing talker script to /home/deepracer/midterm_ws/install/midterm_drive/lib/midterm_drive
writing list of installed files to '/home/deepracer/midterm_ws/build/midterm_drive/install.log'
