[1.378s] Invoking command in '/home/deepracer/midterm_ws/src/midterm_drive': PYTHONPATH=/home/deepracer/midterm_ws/install/midterm_drive/lib/python3.8/site-packages:${PYTHONPATH} /usr/bin/python3 setup.py egg_info --egg-base ../../build/midterm_drive build --build-base /home/deepracer/midterm_ws/build/midterm_drive/build install --prefix /home/deepracer/midterm_ws/install/midterm_drive --record /home/deepracer/midterm_ws/build/midterm_drive/install.log --single-version-externally-managed
[2.743s] running egg_info
[2.746s] creating ../../build/midterm_drive/midterm_drive.egg-info
[2.748s] writing ../../build/midterm_drive/midterm_drive.egg-info/PKG-INFO
[2.751s] writing dependency_links to ../../build/midterm_drive/midterm_drive.egg-info/dependency_links.txt
[2.753s] writing entry points to ../../build/midterm_drive/midterm_drive.egg-info/entry_points.txt
[2.757s] writing requirements to ../../build/midterm_drive/midterm_drive.egg-info/requires.txt
[2.759s] writing top-level names to ../../build/midterm_drive/midterm_drive.egg-info/top_level.txt
[2.767s] writing manifest file '../../build/midterm_drive/midterm_drive.egg-info/SOURCES.txt'
[2.894s] reading manifest file '../../build/midterm_drive/midterm_drive.egg-info/SOURCES.txt'
[2.899s] writing manifest file '../../build/midterm_drive/midterm_drive.egg-info/SOURCES.txt'
[2.901s] running build
[2.902s] running build_py
[2.904s] creating /home/deepracer/midterm_ws/build/midterm_drive/build
[2.906s] creating /home/deepracer/midterm_ws/build/midterm_drive/build/lib
[2.911s] creating /home/deepracer/midterm_ws/build/midterm_drive/build/lib/midterm_drive
[2.911s] copying midterm_drive/__init__.py -> /home/deepracer/midterm_ws/build/midterm_drive/build/lib/midterm_drive
[2.912s] copying midterm_drive/midterm_drive.py -> /home/deepracer/midterm_ws/build/midterm_drive/build/lib/midterm_drive
[2.915s] running install
[2.919s] running install_lib
[2.923s] creating /home/deepracer/midterm_ws/install/midterm_drive/lib/python3.8/site-packages/midterm_drive
[2.925s] copying /home/deepracer/midterm_ws/build/midterm_drive/build/lib/midterm_drive/__init__.py -> /home/deepracer/midterm_ws/install/midterm_drive/lib/python3.8/site-packages/midterm_drive
[2.927s] copying /home/deepracer/midterm_ws/build/midterm_drive/build/lib/midterm_drive/midterm_drive.py -> /home/deepracer/midterm_ws/install/midterm_drive/lib/python3.8/site-packages/midterm_drive
[2.932s] byte-compiling /home/deepracer/midterm_ws/install/midterm_drive/lib/python3.8/site-packages/midterm_drive/__init__.py to __init__.cpython-38.pyc
[2.939s] byte-compiling /home/deepracer/midterm_ws/install/midterm_drive/lib/python3.8/site-packages/midterm_drive/midterm_drive.py to midterm_drive.cpython-38.pyc
[2.943s] running install_data
[2.946s] creating /home/deepracer/midterm_ws/install/midterm_drive/share/ament_index
[2.947s] creating /home/deepracer/midterm_ws/install/midterm_drive/share/ament_index/resource_index
[2.948s] creating /home/deepracer/midterm_ws/install/midterm_drive/share/ament_index/resource_index/packages
[2.957s] copying resource/midterm_drive -> /home/deepracer/midterm_ws/install/midterm_drive/share/ament_index/resource_index/packages
[2.957s] copying package.xml -> /home/deepracer/midterm_ws/install/midterm_drive/share/midterm_drive
[2.957s] running install_egg_info
[2.962s] Copying ../../build/midterm_drive/midterm_drive.egg-info to /home/deepracer/midterm_ws/install/midterm_drive/lib/python3.8/site-packages/midterm_drive-0.0.0-py3.8.egg-info
[2.976s] running install_scripts
[3.074s] Installing talker script to /home/deepracer/midterm_ws/install/midterm_drive/lib/midterm_drive
[3.077s] writing list of installed files to '/home/deepracer/midterm_ws/build/midterm_drive/install.log'
[3.205s] Invoked command in '/home/deepracer/midterm_ws/src/midterm_drive' returned '0': PYTHONPATH=/home/deepracer/midterm_ws/install/midterm_drive/lib/python3.8/site-packages:${PYTHONPATH} /usr/bin/python3 setup.py egg_info --egg-base ../../build/midterm_drive build --build-base /home/deepracer/midterm_ws/build/midterm_drive/build install --prefix /home/deepracer/midterm_ws/install/midterm_drive --record /home/deepracer/midterm_ws/build/midterm_drive/install.log --single-version-externally-managed
