[1.565s] Invoking command in '/home/deepracer/midterm_ws/src/midterm_drive': PYTHONPATH=/home/deepracer/midterm_ws/install/midterm_drive/lib/python3.8/site-packages:${PYTHONPATH} /usr/bin/python3 setup.py egg_info --egg-base ../../build/midterm_drive build --build-base /home/deepracer/midterm_ws/build/midterm_drive/build install --prefix /home/deepracer/midterm_ws/install/midterm_drive --record /home/deepracer/midterm_ws/build/midterm_drive/install.log --single-version-externally-managed
[3.090s] running egg_info
[3.095s] writing ../../build/midterm_drive/midterm_drive.egg-info/PKG-INFO
[3.099s] writing dependency_links to ../../build/midterm_drive/midterm_drive.egg-info/dependency_links.txt
[3.100s] writing entry points to ../../build/midterm_drive/midterm_drive.egg-info/entry_points.txt
[3.101s] writing requirements to ../../build/midterm_drive/midterm_drive.egg-info/requires.txt
[3.103s] writing top-level names to ../../build/midterm_drive/midterm_drive.egg-info/top_level.txt
[3.498s] reading manifest file '../../build/midterm_drive/midterm_drive.egg-info/SOURCES.txt'
[3.502s] writing manifest file '../../build/midterm_drive/midterm_drive.egg-info/SOURCES.txt'
[3.503s] running build
[3.504s] running build_py
[3.504s] copying midterm_drive/midterm_drive.py -> /home/deepracer/midterm_ws/build/midterm_drive/build/lib/midterm_drive
[3.506s] running install
[3.510s] running install_lib
[3.517s] copying /home/deepracer/midterm_ws/build/midterm_drive/build/lib/midterm_drive/midterm_drive.py -> /home/deepracer/midterm_ws/install/midterm_drive/lib/python3.8/site-packages/midterm_drive
[3.520s] byte-compiling /home/deepracer/midterm_ws/install/midterm_drive/lib/python3.8/site-packages/midterm_drive/midterm_drive.py to midterm_drive.cpython-38.pyc
[3.525s] Sorry: TabError: inconsistent use of tabs and spaces in indentation (midterm_drive.py, line 13)
[3.526s] running install_data
[3.529s] copying package.xml -> /home/deepracer/midterm_ws/install/midterm_drive/share/midterm_drive
[3.530s] running install_egg_info
[3.540s] removing '/home/deepracer/midterm_ws/install/midterm_drive/lib/python3.8/site-packages/midterm_drive-0.0.0-py3.8.egg-info' (and everything under it)
[3.542s] Copying ../../build/midterm_drive/midterm_drive.egg-info to /home/deepracer/midterm_ws/install/midterm_drive/lib/python3.8/site-packages/midterm_drive-0.0.0-py3.8.egg-info
[3.547s] running install_scripts
[3.634s] Installing talker script to /home/deepracer/midterm_ws/install/midterm_drive/lib/midterm_drive
[3.635s] writing list of installed files to '/home/deepracer/midterm_ws/build/midterm_drive/install.log'
[3.730s] Invoked command in '/home/deepracer/midterm_ws/src/midterm_drive' returned '0': PYTHONPATH=/home/deepracer/midterm_ws/install/midterm_drive/lib/python3.8/site-packages:${PYTHONPATH} /usr/bin/python3 setup.py egg_info --egg-base ../../build/midterm_drive build --build-base /home/deepracer/midterm_ws/build/midterm_drive/build install --prefix /home/deepracer/midterm_ws/install/midterm_drive --record /home/deepracer/midterm_ws/build/midterm_drive/install.log --single-version-externally-managed
